<?xml version="1.0" encoding="UTF-8"?>
<!-- Generated by org.testng.reporters.JUnitXMLReporter -->
<testsuite ignored="0" hostname="DESKTOP-UJM8HNV" failures="0" tests="4" name="Opera" time="0.143" errors="0" timestamp="2022-09-20T14:15:19 OMST">
  <testcase classname="SGBAUTest.Administration" name="@BeforeTest launchbrowser" time="-1.663661719756E9">
    <failure type="org.testng.TestNGException" message="
Parameter &amp;apos;browser&amp;apos; is required by BeforeTest on method launchbrowser but has not been marked @Optional or defined
in C:\Users\ntci\eclipse-workspace\MavenProject\testng.xml">
      <![CDATA[org.testng.TestNGException: 
Parameter 'browser' is required by BeforeTest on method launchbrowser but has not been marked @Optional or defined
in C:\Users\ntci\eclipse-workspace\MavenProject\testng.xml
... Removed 21 stack frames]]>
    </failure>
  </testcase> <!-- @BeforeTest launchbrowser -->
  <testcase classname="SGBAUTest.StudentValidation" name="@BeforeTest launchbrowser" time="-1.663661719775E9">
    <skipped/>
  </testcase> <!-- @BeforeTest launchbrowser -->
  <testcase classname="SGBAUTest.StudentValidation" name="@BeforeClass objectPOMclass" time="-1.663661719806E9">
    <skipped/>
  </testcase> <!-- @BeforeClass objectPOMclass -->
  <testcase classname="SGBAUTest.StudentValidation" name="@BeforeMethod SGBAUPage" time="-1.663661719827E9">
    <skipped/>
  </testcase> <!-- @BeforeMethod SGBAUPage -->
  <testcase classname="SGBAUTest.StudentValidation" name="@AfterMethod TakePic" time="-1.663661719838E9">
    <skipped/>
  </testcase> <!-- @AfterMethod TakePic -->
  <testcase classname="SGBAUTest.StudentValidation" name="@BeforeMethod SGBAUPage" time="-1.663661719843E9">
    <skipped/>
  </testcase> <!-- @BeforeMethod SGBAUPage -->
  <testcase classname="SGBAUTest.StudentValidation" name="@AfterMethod TakePic" time="-1.663661719851E9">
    <skipped/>
  </testcase> <!-- @AfterMethod TakePic -->
  <testcase classname="SGBAUTest.StudentValidation" name="@AfterClass cleanPOMobject" time="-1.663661719854E9">
    <skipped/>
  </testcase> <!-- @AfterClass cleanPOMobject -->
  <testcase classname="SGBAUTest.Administration" name="@BeforeClass objectsPOMclass" time="-1.663661719856E9">
    <skipped/>
  </testcase> <!-- @BeforeClass objectsPOMclass -->
  <testcase classname="SGBAUTest.Administration" name="@BeforeMethod SGBAUPage" time="-1.663661719858E9">
    <skipped/>
  </testcase> <!-- @BeforeMethod SGBAUPage -->
  <testcase classname="SGBAUTest.Administration" name="@AfterMethod TakePic" time="-1.663661719863E9">
    <skipped/>
  </testcase> <!-- @AfterMethod TakePic -->
  <testcase classname="SGBAUTest.Administration" name="@BeforeMethod SGBAUPage" time="-1.663661719868E9">
    <skipped/>
  </testcase> <!-- @BeforeMethod SGBAUPage -->
  <testcase classname="SGBAUTest.Administration" name="@AfterMethod TakePic" time="-1.663661719874E9">
    <skipped/>
  </testcase> <!-- @AfterMethod TakePic -->
  <testcase classname="SGBAUTest.Administration" name="@AfterClass clearoPOMbject" time="-1.663661719882E9">
    <skipped/>
  </testcase> <!-- @AfterClass clearoPOMbject -->
  <testcase classname="SGBAUTest.Administration" name="@AfterTest closedBrowser" time="-1.663661719884E9">
    <skipped/>
  </testcase> <!-- @AfterTest closedBrowser -->
  <testcase classname="SGBAUTest.StudentValidation" name="@AfterTest closedBrowser" time="-1.663661719886E9">
    <skipped/>
  </testcase> <!-- @AfterTest closedBrowser -->
  <testcase classname="SGBAUTest.StudentValidation" name="StudentLogin" time="0.0">
    <skipped/>
  </testcase> <!-- StudentLogin -->
  <testcase classname="SGBAUTest.StudentValidation" name="StudentLoginValidation" time="0.0">
    <skipped/>
  </testcase> <!-- StudentLoginValidation -->
  <testcase classname="SGBAUTest.Administration" name="AdministrationLogin" time="0.0">
    <skipped/>
  </testcase> <!-- AdministrationLogin -->
  <testcase classname="SGBAUTest.Administration" name="AdministrationLoginValidation" time="0.0">
    <skipped/>
  </testcase> <!-- AdministrationLoginValidation -->
</testsuite> <!-- Opera -->
