<?xml version="1.0" encoding="UTF-8"?>
<!-- Generated by org.testng.reporters.JUnitXMLReporter -->
<testsuite ignored="0" hostname="DESKTOP-UJM8HNV" failures="0" tests="2" name="OperaTest" time="0.536" errors="0" timestamp="2022-09-19T18:07:33 OMST">
  <testcase classname="Amazon.AddToCartTestNg" name="@BeforeTest launchBrowser" time="0.162">
    <failure type="java.lang.IllegalStateException" message="The path to the driver executable must be set by the webdriver.opera.driver system property; for more information, see https://github.com/operasoftware/operachromiumdriver. The latest version can be downloaded from https://github.com/operasoftware/operachromiumdriver/releases">
      <![CDATA[java.lang.IllegalStateException: The path to the driver executable must be set by the webdriver.opera.driver system property; for more information, see https://github.com/operasoftware/operachromiumdriver. The latest version can be downloaded from https://github.com/operasoftware/operachromiumdriver/releases
at com.google.common.base.Preconditions.checkState(Preconditions.java:847)
at org.openqa.selenium.remote.service.DriverService.findExecutable(DriverService.java:134)
at org.openqa.selenium.opera.OperaDriverService.access$000(OperaDriverService.java:35)
at org.openqa.selenium.opera.OperaDriverService$Builder.findDefaultExecutable(OperaDriverService.java:141)
at org.openqa.selenium.remote.service.DriverService$Builder.build(DriverService.java:355)
at org.openqa.selenium.opera.OperaDriverService.createDefaultService(OperaDriverService.java:85)
at org.openqa.selenium.opera.OperaDriver.<init>(OperaDriver.java:115)
at SetUp.Browsers.openOperaDriver(Browsers.java:24)
at Amazon.AddToCartTestNg.launchBrowser(AddToCartTestNg.java:40)
at java.base/java.util.concurrent.FutureTask.run(FutureTask.java:264)
at java.base/java.util.concurrent.ThreadPoolExecutor.runWorker(ThreadPoolExecutor.java:1136)
at java.base/java.util.concurrent.ThreadPoolExecutor$Worker.run(ThreadPoolExecutor.java:635)
at java.base/java.lang.Thread.run(Thread.java:833)
... Removed 13 stack frames]]>
    </failure>
  </testcase> <!-- @BeforeTest launchBrowser -->
  <testcase classname="Amazon.AmazonLoginTestNg" name="@BeforeTest launchBrowser" time="-1.663589253382E9">
    <skipped/>
  </testcase> <!-- @BeforeTest launchBrowser -->
  <testcase classname="Amazon.AmazonLoginTestNg" name="@BeforeClass Objects" time="-1.663589253486E9">
    <skipped/>
  </testcase> <!-- @BeforeClass Objects -->
  <testcase classname="Amazon.AmazonLoginTestNg" name="@BeforeMethod loginDetails" time="-1.663589253529E9">
    <skipped/>
  </testcase> <!-- @BeforeMethod loginDetails -->
  <testcase classname="Amazon.AmazonLoginTestNg" name="@AfterClass backtoPage" time="-1.6635892536E9">
    <skipped/>
  </testcase> <!-- @AfterClass backtoPage -->
  <testcase classname="Amazon.AddToCartTestNg" name="@BeforeClass laukchBrowser" time="-1.66358925361E9">
    <skipped/>
  </testcase> <!-- @BeforeClass laukchBrowser -->
  <testcase classname="Amazon.AddToCartTestNg" name="@BeforeMethod SerachMobile" time="-1.663589253624E9">
    <skipped/>
  </testcase> <!-- @BeforeMethod SerachMobile -->
  <testcase classname="Amazon.AddToCartTestNg" name="@AfterClass ClearBrowser" time="-1.663589253649E9">
    <skipped/>
  </testcase> <!-- @AfterClass ClearBrowser -->
  <testcase classname="Amazon.AddToCartTestNg" name="@AfterTest closeBrowser" time="-1.663589253697E9">
    <skipped/>
  </testcase> <!-- @AfterTest closeBrowser -->
  <testcase classname="Amazon.AmazonLoginTestNg" name="@AfterTest closeBrowser" time="-1.6635892537E9">
    <skipped/>
  </testcase> <!-- @AfterTest closeBrowser -->
  <testcase classname="Amazon.AmazonLoginTestNg" name="ValidateLoginButton" time="0.0">
    <skipped/>
  </testcase> <!-- ValidateLoginButton -->
  <testcase classname="Amazon.AddToCartTestNg" name="ValidateAddToCardButton" time="0.0">
    <skipped/>
  </testcase> <!-- ValidateAddToCardButton -->
</testsuite> <!-- OperaTest -->
