<?xml version="1.0" encoding="UTF-8"?>
<!-- Generated by org.testng.reporters.JUnitXMLReporter -->
<testsuite ignored="0" hostname="DESKTOP-UJM8HNV" failures="0" tests="3" name="TestFaceBook" time="69.454" errors="0" timestamp="2022-09-13T18:55:40 OMST">
  <testcase classname="FacebookTest.TestFacebookByTestNGofRoomPage" name="@BeforeMethod OpenRooms" time="9.149">
    <failure type="java.io.FileNotFoundException" message="C:\Users\ntci\Documents\Class\Automation\17082022 screenshot method\FacebookRoom.jepg (The system cannot find the path specified)">
      <![CDATA[java.io.FileNotFoundException: C:\Users\ntci\Documents\Class\Automation\17082022 screenshot method\FacebookRoom.jepg (The system cannot find the path specified)
at java.base/java.io.FileOutputStream.open0(Native Method)
at java.base/java.io.FileOutputStream.open(FileOutputStream.java:293)
at java.base/java.io.FileOutputStream.<init>(FileOutputStream.java:235)
at java.base/java.io.FileOutputStream.<init>(FileOutputStream.java:184)
at org.openqa.selenium.io.FileHandler.copyFile(FileHandler.java:138)
at org.openqa.selenium.io.FileHandler.copy(FileHandler.java:117)
at Facebook.Messanger.clickRooms(Messanger.java:57)
at FacebookTest.TestFacebookByTestNGofRoomPage.OpenRooms(TestFacebookByTestNGofRoomPage.java:56)
at java.base/java.util.ArrayList.forEach(ArrayList.java:1511)
... Removed 29 stack frames]]>
    </failure>
  </testcase> <!-- @BeforeMethod OpenRooms -->
  <testcase classname="FacebookTest.TestFacebookByTestNGofRoomPage" name="@AfterMethod GotoMainPage" time="-1.66307369332E9">
    <skipped/>
  </testcase> <!-- @AfterMethod GotoMainPage -->
  <testcase classname="FacebookTest.TestFacebookByTestNGofRoomPage" name="@AfterClass CloseApplication" time="-1.663073693324E9">
    <skipped/>
  </testcase> <!-- @AfterClass CloseApplication -->
  <testcase classname="FacebookTest.TestBtTestNGHelpCenter" name="@BeforeMethod OpenRooms" time="16.516">
    <failure type="java.io.FileNotFoundException" message="C:\Users\ntci\Documents\Class\Automation\17082022 screenshot method\FacebookRoom.jepg (The system cannot find the path specified)">
      <![CDATA[java.io.FileNotFoundException: C:\Users\ntci\Documents\Class\Automation\17082022 screenshot method\FacebookRoom.jepg (The system cannot find the path specified)
at java.base/java.io.FileOutputStream.open0(Native Method)
at java.base/java.io.FileOutputStream.open(FileOutputStream.java:293)
at java.base/java.io.FileOutputStream.<init>(FileOutputStream.java:235)
at java.base/java.io.FileOutputStream.<init>(FileOutputStream.java:184)
at org.openqa.selenium.io.FileHandler.copyFile(FileHandler.java:138)
at org.openqa.selenium.io.FileHandler.copy(FileHandler.java:117)
at Facebook.Messanger.clickRooms(Messanger.java:57)
at FacebookTest.TestBtTestNGHelpCenter.OpenRooms(TestBtTestNGHelpCenter.java:49)
at java.base/java.util.ArrayList.forEach(ArrayList.java:1511)
... Removed 29 stack frames]]>
    </failure>
  </testcase> <!-- @BeforeMethod OpenRooms -->
  <testcase classname="FacebookTest.TestBtTestNGHelpCenter" name="@AfterMethod ReturntoBack" time="-1.663073740493E9">
    <skipped/>
  </testcase> <!-- @AfterMethod ReturntoBack -->
  <testcase classname="FacebookTest.TestBtTestNGHelpCenter" name="@AfterClass QuitApplication" time="-1.663073740496E9">
    <skipped/>
  </testcase> <!-- @AfterClass QuitApplication -->
  <testcase classname="FacebookTest.TestFacebookByTestNGofRoomPage" name="ReturnsToHome" time="0.0">
    <skipped/>
  </testcase> <!-- ReturnsToHome -->
  <testcase classname="FacebookTest.TestByTstNGCreateNewAc" name="ValidateCreateNewAcButton" time="0.302"/>
  <testcase classname="FacebookTest.TestBtTestNGHelpCenter" name="TestHelpCenterButton" time="0.0">
    <skipped/>
  </testcase> <!-- TestHelpCenterButton -->
</testsuite> <!-- TestFaceBook -->
