<?xml version="1.0" encoding="UTF-8"?>
<!-- Generated by org.testng.reporters.JUnitXMLReporter -->
<testsuite ignored="0" hostname="DESKTOP-UJM8HNV" failures="0" tests="3" name="OperaTest(failed)" time="0.145" errors="0" timestamp="2022-09-14T22:55:17 OMST">
  <testcase classname="FacebookTest.TestBtTestNGHelpCenter" name="@BeforeTest launchBrowser" time="0.01">
    <failure type="java.lang.IllegalStateException" message="The path to the driver executable must be set by the webdriver.opera.driver system property; for more information, see https://github.com/operasoftware/operachromiumdriver. The latest version can be downloaded from https://github.com/operasoftware/operachromiumdriver/releases">
      <![CDATA[java.lang.IllegalStateException: The path to the driver executable must be set by the webdriver.opera.driver system property; for more information, see https://github.com/operasoftware/operachromiumdriver. The latest version can be downloaded from https://github.com/operasoftware/operachromiumdriver/releases
at com.google.common.base.Preconditions.checkState(Preconditions.java:847)
at org.openqa.selenium.remote.service.DriverService.findExecutable(DriverService.java:134)
at org.openqa.selenium.opera.OperaDriverService.access$000(OperaDriverService.java:35)
at org.openqa.selenium.opera.OperaDriverService$Builder.findDefaultExecutable(OperaDriverService.java:141)
at org.openqa.selenium.remote.service.DriverService$Builder.build(DriverService.java:355)
at org.openqa.selenium.opera.OperaDriverService.createDefaultService(OperaDriverService.java:85)
at org.openqa.selenium.opera.OperaDriver.<init>(OperaDriver.java:115)
at FacebookTest.TestBtTestNGHelpCenter.launchBrowser(TestBtTestNGHelpCenter.java:45)
... Removed 22 stack frames]]>
    </failure>
  </testcase> <!-- @BeforeTest launchBrowser -->
  <testcase classname="FacebookTest.TestFacebookByTestNGofRoomPage" name="@BeforeClass launchBrowser" time="-1.663174516903E9">
    <skipped/>
  </testcase> <!-- @BeforeClass launchBrowser -->
  <testcase classname="FacebookTest.TestFacebookByTestNGofRoomPage" name="@BeforeMethod OpenRooms" time="-1.663174516915E9">
    <skipped/>
  </testcase> <!-- @BeforeMethod OpenRooms -->
  <testcase classname="FacebookTest.TestFacebookByTestNGofRoomPage" name="@AfterMethod GotoMainPage" time="-1.663174516934E9">
    <skipped/>
  </testcase> <!-- @AfterMethod GotoMainPage -->
  <testcase classname="FacebookTest.TestFacebookByTestNGofRoomPage" name="@AfterClass QuitApplication" time="-1.663174516937E9">
    <skipped/>
  </testcase> <!-- @AfterClass QuitApplication -->
  <testcase classname="FacebookTest.TestByTstNGCreateNewAc" name="@BeforeClass launchBrowser" time="-1.663174516945E9">
    <skipped/>
  </testcase> <!-- @BeforeClass launchBrowser -->
  <testcase classname="FacebookTest.TestByTstNGCreateNewAc" name="@BeforeMethod FillLoginData" time="-1.663174516955E9">
    <skipped/>
  </testcase> <!-- @BeforeMethod FillLoginData -->
  <testcase classname="FacebookTest.TestByTstNGCreateNewAc" name="@AfterMethod BacktoPage" time="-1.663174516965E9">
    <skipped/>
  </testcase> <!-- @AfterMethod BacktoPage -->
  <testcase classname="FacebookTest.TestByTstNGCreateNewAc" name="@AfterClass QuitApplication" time="-1.663174516969E9">
    <skipped/>
  </testcase> <!-- @AfterClass QuitApplication -->
  <testcase classname="FacebookTest.TestBtTestNGHelpCenter" name="@BeforeClass LaunchUrl" time="-1.663174516973E9">
    <skipped/>
  </testcase> <!-- @BeforeClass LaunchUrl -->
  <testcase classname="FacebookTest.TestBtTestNGHelpCenter" name="@BeforeMethod OpenRooms" time="-1.663174516977E9">
    <skipped/>
  </testcase> <!-- @BeforeMethod OpenRooms -->
  <testcase classname="FacebookTest.TestBtTestNGHelpCenter" name="@AfterMethod ScreenShot" time="-1.663174516983E9">
    <skipped/>
  </testcase> <!-- @AfterMethod ScreenShot -->
  <testcase classname="FacebookTest.TestBtTestNGHelpCenter" name="@AfterClass QuitApplication" time="-1.663174516994E9">
    <skipped/>
  </testcase> <!-- @AfterClass QuitApplication -->
  <testcase classname="FacebookTest.TestBtTestNGHelpCenter" name="@AfterTest closeBrowser" time="-1.663174517011E9">
    <skipped/>
  </testcase> <!-- @AfterTest closeBrowser -->
  <testcase classname="FacebookTest.TestByTstNGCreateNewAc" name="@AfterTest closeBrowser" time="-1.663174517014E9">
    <skipped/>
  </testcase> <!-- @AfterTest closeBrowser -->
  <testcase classname="FacebookTest.TestFacebookByTestNGofRoomPage" name="@AfterTest closeBrowser" time="-1.663174517017E9">
    <skipped/>
  </testcase> <!-- @AfterTest closeBrowser -->
  <testcase classname="FacebookTest.TestFacebookByTestNGofRoomPage" name="ReturnsToHome" time="0.0">
    <skipped/>
  </testcase> <!-- ReturnsToHome -->
  <testcase classname="FacebookTest.TestByTstNGCreateNewAc" name="ValidateCreateNewAcButton" time="0.0">
    <skipped/>
  </testcase> <!-- ValidateCreateNewAcButton -->
  <testcase classname="FacebookTest.TestBtTestNGHelpCenter" name="TestHelpCenterButton" time="0.0">
    <skipped/>
  </testcase> <!-- TestHelpCenterButton -->
</testsuite> <!-- OperaTest(failed) -->
