<?xml version="1.0" encoding="UTF-8"?>
<!-- Generated by org.testng.reporters.JUnitXMLReporter -->
<testsuite ignored="0" hostname="DESKTOP-UJM8HNV" failures="0" tests="2" name="Default test" time="0.494" errors="0" timestamp="2022-09-21T17:38:50 OMST">
  <testcase classname="SGBAUTest.StudentValidation" name="@BeforeTest launchbrowser" time="-1.663760329696E9">
    <failure type="org.testng.TestNGException" message="
Parameter &amp;apos;browser&amp;apos; is required by BeforeTest on method launchbrowser but has not been marked @Optional or defined
in C:\Users\ntci\AppData\Local\Temp\testng-eclipse--492598924\testng-customsuite.xml">
      <![CDATA[org.testng.TestNGException: 
Parameter 'browser' is required by BeforeTest on method launchbrowser but has not been marked @Optional or defined
in C:\Users\ntci\AppData\Local\Temp\testng-eclipse--492598924\testng-customsuite.xml
at org.testng.internal.Parameters.createParams(Parameters.java:270)
at org.testng.internal.Parameters.createParametersForMethod(Parameters.java:358)
at org.testng.internal.Parameters.createParameters(Parameters.java:700)
at org.testng.internal.Parameters.createConfigurationParameters(Parameters.java:168)
at org.testng.internal.ConfigInvoker.invokeConfigurations(ConfigInvoker.java:302)
at org.testng.TestRunner.invokeTestConfigurations(TestRunner.java:637)
at org.testng.TestRunner.beforeRun(TestRunner.java:627)
at org.testng.TestRunner.run(TestRunner.java:589)
at org.testng.SuiteRunner.runTest(SuiteRunner.java:377)
at org.testng.SuiteRunner.runSequentially(SuiteRunner.java:371)
at org.testng.SuiteRunner.privateRun(SuiteRunner.java:332)
at org.testng.SuiteRunner.run(SuiteRunner.java:276)
at org.testng.SuiteRunnerWorker.runSuite(SuiteRunnerWorker.java:53)
at org.testng.SuiteRunnerWorker.run(SuiteRunnerWorker.java:96)
at org.testng.TestNG.runSuitesSequentially(TestNG.java:1212)
at org.testng.TestNG.runSuitesLocally(TestNG.java:1134)
at org.testng.TestNG.runSuites(TestNG.java:1063)
at org.testng.TestNG.run(TestNG.java:1031)
at org.testng.remote.AbstractRemoteTestNG.run(AbstractRemoteTestNG.java:115)
at org.testng.remote.RemoteTestNG.initAndRun(RemoteTestNG.java:251)
at org.testng.remote.RemoteTestNG.main(RemoteTestNG.java:77)
]]>
    </failure>
  </testcase> <!-- @BeforeTest launchbrowser -->
  <testcase classname="SGBAUTest.StudentValidation" name="@BeforeClass objectPOMclass" time="-1.663760329881E9">
    <skipped/>
  </testcase> <!-- @BeforeClass objectPOMclass -->
  <testcase classname="SGBAUTest.StudentValidation" name="@BeforeMethod SGBAUPage" time="-1.663760329997E9">
    <skipped/>
  </testcase> <!-- @BeforeMethod SGBAUPage -->
  <testcase classname="SGBAUTest.StudentValidation" name="@AfterMethod TakePic" time="-1.663760330065E9">
    <skipped/>
  </testcase> <!-- @AfterMethod TakePic -->
  <testcase classname="SGBAUTest.StudentValidation" name="@BeforeMethod SGBAUPage" time="-1.663760330082E9">
    <skipped/>
  </testcase> <!-- @BeforeMethod SGBAUPage -->
  <testcase classname="SGBAUTest.StudentValidation" name="@AfterMethod TakePic" time="-1.663760330111E9">
    <skipped/>
  </testcase> <!-- @AfterMethod TakePic -->
  <testcase classname="SGBAUTest.StudentValidation" name="@AfterClass cleanPOMobject" time="-1.663760330178E9">
    <skipped/>
  </testcase> <!-- @AfterClass cleanPOMobject -->
  <testcase classname="SGBAUTest.StudentValidation" name="@AfterTest closedBrowser" time="-1.66376033018E9">
    <skipped/>
  </testcase> <!-- @AfterTest closedBrowser -->
  <testcase classname="SGBAUTest.StudentValidation" name="StudentLogin" time="0.0">
    <skipped/>
  </testcase> <!-- StudentLogin -->
  <testcase classname="SGBAUTest.StudentValidation" name="StudentLoginValidation" time="0.0">
    <skipped/>
  </testcase> <!-- StudentLoginValidation -->
</testsuite> <!-- Default test -->
